<?xml version="1.0" encoding="UTF-8"?>
<testng-results ignored="0" total="1" passed="1" failed="0" skipped="0">
  <reporter-output>
  </reporter-output>
  <suite started-at="2022-03-26T16:55:48Z" name="Default suite" finished-at="2022-03-26T16:55:55Z" duration-ms="7259">
    <groups>
    </groups>
    <test started-at="2022-03-26T16:55:48Z" name="Default test" finished-at="2022-03-26T16:55:55Z" duration-ms="7259">
      <class name="test.TestSel">
        <test-method signature="f()[pri:0, instance:test.TestSel@7c214cc0]" started-at="2022-03-26T11:55:48Z" name="f" finished-at="2022-03-26T11:55:55Z" duration-ms="7224" status="PASS">
          <reporter-output>
          </reporter-output>
        </test-method> <!-- f -->
      </class> <!-- test.TestSel -->
    </test> <!-- Default test -->
  </suite> <!-- Default suite -->
</testng-results>
